<?xml version="1.0" encoding="UTF-8"?>
<!-- Generated by org.testng.reporters.JUnitReportReporter -->
<testsuite skipped="0" hostname="DESKTOP-LT3MS3N" name="MavenProject.ClassBTest" tests="3" failures="0" timestamp="23 Oct 2020 03:59:43 GMT" time="0.005" errors="0">
  <testcase name="Test4" time="0.005" classname="MavenProject.ClassBTest"/>
  <testcase name="Test6" time="0.000" classname="MavenProject.ClassBTest"/>
  <testcase name="Test5" time="0.000" classname="MavenProject.ClassBTest"/>
</testsuite> <!-- MavenProject.ClassBTest -->
