<?xml version="1.0" encoding="UTF-8"?>
<!-- Generated by org.testng.reporters.JUnitReportReporter -->
<testsuite skipped="0" hostname="DESKTOP-LT3MS3N" name="MavenProject.ClassATest" tests="3" failures="0" timestamp="23 Oct 2020 03:59:43 GMT" time="0.020" errors="0">
  <testcase name="Test2" time="0.000" classname="MavenProject.ClassATest"/>
  <testcase name="Test3" time="0.009" classname="MavenProject.ClassATest"/>
  <testcase name="Test1" time="0.011" classname="MavenProject.ClassATest"/>
</testsuite> <!-- MavenProject.ClassATest -->
