<?xml version="1.0" encoding="UTF-8"?>
<!-- Generated by org.testng.reporters.JUnitReportReporter -->
<testsuite skipped="0" hostname="DESKTOP-LT3MS3N" name="MavenProject.ClassCTest" tests="3" failures="0" timestamp="23 Oct 2020 03:59:43 GMT" time="0.000" errors="0">
  <testcase name="Test8" time="0.000" classname="MavenProject.ClassCTest"/>
  <testcase name="Test7" time="0.000" classname="MavenProject.ClassCTest"/>
  <testcase name="Test9" time="0.000" classname="MavenProject.ClassCTest"/>
</testsuite> <!-- MavenProject.ClassCTest -->
